Projekti/Projekat 2 - TVInputSelection/DtvCourseTvApp_Exam/DtvCourseTvApp/app/build/intermediates/manifest_merge_blame_file/debug/manifest-merger-blame-debug-report.txt
1<?xml version="1.0" encoding="utf-8"?>
2<manifest xmlns:android="http://schemas.android.com/apk/res/android"
3    package="com.course.tvapp"
4    android:versionCode="1"
5    android:versionName="1.0" >
6
7    <uses-sdk
8        android:minSdkVersion="26"
8-->src/main/AndroidManifest.xml
9        android:targetSdkVersion="26" />
9-->src/main/AndroidManifest.xml
10
11    <uses-permission android:name="android.permission.READ_EXTERNAL_STORAGE" />
11-->src/main/AndroidManifest.xml:7:5-80
11-->src/main/AndroidManifest.xml:7:22-77
12    <uses-permission android:name="android.permission.WRITE_EXTERNAL_STORAGE" />
12-->src/main/AndroidManifest.xml:8:5-81
12-->src/main/AndroidManifest.xml:8:22-78
13    <uses-permission android:name="com.android.providers.tv.permission.READ_EPG_DATA" />
13-->src/main/AndroidManifest.xml:9:5-89
13-->src/main/AndroidManifest.xml:9:22-86
14    <uses-permission android:name="com.android.providers.tv.permission.WRITE_EPG_DATA" />
14-->src/main/AndroidManifest.xml:10:5-90
14-->src/main/AndroidManifest.xml:10:22-87
15    <uses-permission android:name="android.permission.INTERNET" />
15-->src/main/AndroidManifest.xml:11:5-67
15-->src/main/AndroidManifest.xml:11:22-64
16    <uses-permission android:name="com.google.android.tv.permission.RECEIVE_INPUT_EVENT" />
16-->src/main/AndroidManifest.xml:12:5-92
16-->src/main/AndroidManifest.xml:12:22-89
17    <uses-permission android:name="com.android.providers.tv.permission.ACCESS_ALL_EPG_DATA" />
17-->src/main/AndroidManifest.xml:13:5-95
17-->src/main/AndroidManifest.xml:13:22-92
18    <uses-permission android:name="com.android.providers.tv.permission.ACCESS_WATCHED_PROGRAMS" />
18-->src/main/AndroidManifest.xml:14:5-99
18-->src/main/AndroidManifest.xml:14:22-96
19
20    <!-- TV Search -->
21    <uses-permission android:name="android.permission.GLOBAL_SEARCH" />
21-->src/main/AndroidManifest.xml:17:5-72
21-->src/main/AndroidManifest.xml:17:22-69
22
23    <uses-feature
23-->src/main/AndroidManifest.xml:19:5-21:35
24        android:name="android.software.leanback"
24-->src/main/AndroidManifest.xml:20:9-49
25        android:required="true" />
25-->src/main/AndroidManifest.xml:21:9-32
26    <uses-feature
26-->src/main/AndroidManifest.xml:22:5-24:35
27        android:name="android.software.live_tv"
27-->src/main/AndroidManifest.xml:23:9-48
28        android:required="true" />
28-->src/main/AndroidManifest.xml:24:9-32
29    <uses-feature
29-->src/main/AndroidManifest.xml:25:5-27:36
30        android:name="android.hardware.touchscreen"
30-->src/main/AndroidManifest.xml:26:9-52
31        android:required="false" />
31-->src/main/AndroidManifest.xml:27:9-33
32
33    <application
33-->src/main/AndroidManifest.xml:29:5-69:19
34        android:allowBackup="true"
34-->src/main/AndroidManifest.xml:30:9-35
35        android:debuggable="true"
36        android:icon="@drawable/ic_launcher"
36-->src/main/AndroidManifest.xml:31:9-45
37        android:label="@string/app_name"
37-->src/main/AndroidManifest.xml:32:9-41
38        android:theme="@style/Theme.TV" >
38-->src/main/AndroidManifest.xml:33:9-40
39        <activity
39-->src/main/AndroidManifest.xml:34:9-67:20
40            android:name="com.course.tvapp.MainActivity"
40-->src/main/AndroidManifest.xml:35:13-57
41            android:configChanges="keyboard|keyboardHidden"
41-->src/main/AndroidManifest.xml:36:13-60
42            android:label="@string/app_name"
42-->src/main/AndroidManifest.xml:37:13-45
43            android:launchMode="singleTask"
43-->src/main/AndroidManifest.xml:38:13-44
44            android:screenOrientation="landscape" >
44-->src/main/AndroidManifest.xml:39:13-50
45            <intent-filter>
45-->src/main/AndroidManifest.xml:40:13-45:29
46                <action android:name="android.intent.action.MAIN" />
46-->src/main/AndroidManifest.xml:41:17-69
46-->src/main/AndroidManifest.xml:41:25-66
47
48                <category android:name="android.intent.category.LAUNCHER" />
48-->src/main/AndroidManifest.xml:43:17-77
48-->src/main/AndroidManifest.xml:43:27-74
49                <category android:name="android.intent.category.LEANBACK_LAUNCHER" />
49-->src/main/AndroidManifest.xml:44:17-86
49-->src/main/AndroidManifest.xml:44:27-83
50            </intent-filter>
51
52            <!-- TV Live -->
53            <intent-filter>
53-->src/main/AndroidManifest.xml:48:13-57:29
54                <action android:name="android.intent.action.VIEW" />
54-->src/main/AndroidManifest.xml:49:17-69
54-->src/main/AndroidManifest.xml:49:25-66
55
56                <category android:name="android.intent.category.DEFAULT" />
56-->src/main/AndroidManifest.xml:51:17-76
56-->src/main/AndroidManifest.xml:51:27-73
57
58                <data android:mimeType="vnd.android.cursor.item/channel" />
58-->src/main/AndroidManifest.xml:53:17-76
58-->src/main/AndroidManifest.xml:53:23-73
59                <data android:mimeType="vnd.android.cursor.dir/channel" />
59-->src/main/AndroidManifest.xml:53:17-76
59-->src/main/AndroidManifest.xml:53:23-73
60                <data android:mimeType="vnd.android.cursor.item/program" />
60-->src/main/AndroidManifest.xml:53:17-76
60-->src/main/AndroidManifest.xml:53:23-73
61                <data android:mimeType="vnd.android.cursor.dir/program" />
61-->src/main/AndroidManifest.xml:53:17-76
61-->src/main/AndroidManifest.xml:53:23-73
62            </intent-filter>
63
64            <!-- TV Search -->
65            <intent-filter>
65-->src/main/AndroidManifest.xml:60:13-62:29
66                <action android:name="android.intent.action.SEARCH" />
66-->src/main/AndroidManifest.xml:61:17-71
66-->src/main/AndroidManifest.xml:61:25-68
67            </intent-filter>
68
69            <meta-data
69-->src/main/AndroidManifest.xml:64:13-66:40
70                android:name="supports_leanback"
70-->src/main/AndroidManifest.xml:65:17-49
71                android:value="true" />
71-->src/main/AndroidManifest.xml:66:17-37
72        </activity>
73
74        <meta-data
74-->[com.android.support:support-v4:26.0.1] AndroidManifest.xml:26:9-28:38
75            android:name="android.support.VERSION"
75-->[com.android.support:support-v4:26.0.1] AndroidManifest.xml:27:13-51
76            android:value="26.0.1" />
76-->[com.android.support:support-v4:26.0.1] AndroidManifest.xml:28:13-35
77    </application>
78
79</manifest>